CRITICAL - 2024-02-28 07:21:20 --> syntax error, unexpected 'public' (T_PUBLIC), expecting end of file
#0 C:\xampp\htdocs\perpus\system\Router\Router.php(175): CodeIgniter\Router\Router->autoRoute('home/aksi_login')
#1 C:\xampp\htdocs\perpus\system\CodeIgniter.php(726): CodeIgniter\Router\Router->handle('home/aksi_login')
#2 C:\xampp\htdocs\perpus\system\CodeIgniter.php(368): CodeIgniter\CodeIgniter->tryToRouteIt(Object(CodeIgniter\Router\RouteCollection))
#3 C:\xampp\htdocs\perpus\system\CodeIgniter.php(326): CodeIgniter\CodeIgniter->handleRequest(NULL, Object(Config\Cache), false)
#4 C:\xampp\htdocs\perpus\public\index.php(37): CodeIgniter\CodeIgniter->run()
#5 C:\xampp\htdocs\perpus\system\Commands\Server\rewrite.php(43): require_once('C:\\xampp\\htdocs...')
#6 {main}
CRITICAL - 2024-02-28 07:21:55 --> syntax error, unexpected 'public' (T_PUBLIC), expecting end of file
#0 C:\xampp\htdocs\perpus\system\Router\Router.php(175): CodeIgniter\Router\Router->autoRoute('home/aksi_login')
#1 C:\xampp\htdocs\perpus\system\CodeIgniter.php(726): CodeIgniter\Router\Router->handle('home/aksi_login')
#2 C:\xampp\htdocs\perpus\system\CodeIgniter.php(368): CodeIgniter\CodeIgniter->tryToRouteIt(Object(CodeIgniter\Router\RouteCollection))
#3 C:\xampp\htdocs\perpus\system\CodeIgniter.php(326): CodeIgniter\CodeIgniter->handleRequest(NULL, Object(Config\Cache), false)
#4 C:\xampp\htdocs\perpus\public\index.php(37): CodeIgniter\CodeIgniter->run()
#5 C:\xampp\htdocs\perpus\system\Commands\Server\rewrite.php(43): require_once('C:\\xampp\\htdocs...')
#6 {main}
CRITICAL - 2024-02-28 07:22:30 --> syntax error, unexpected 'public' (T_PUBLIC), expecting end of file
#0 C:\xampp\htdocs\perpus\system\Router\Router.php(175): CodeIgniter\Router\Router->autoRoute('home/aksi_login')
#1 C:\xampp\htdocs\perpus\system\CodeIgniter.php(726): CodeIgniter\Router\Router->handle('home/aksi_login')
#2 C:\xampp\htdocs\perpus\system\CodeIgniter.php(368): CodeIgniter\CodeIgniter->tryToRouteIt(Object(CodeIgniter\Router\RouteCollection))
#3 C:\xampp\htdocs\perpus\system\CodeIgniter.php(326): CodeIgniter\CodeIgniter->handleRequest(NULL, Object(Config\Cache), false)
#4 C:\xampp\htdocs\perpus\public\index.php(37): CodeIgniter\CodeIgniter->run()
#5 C:\xampp\htdocs\perpus\system\Commands\Server\rewrite.php(43): require_once('C:\\xampp\\htdocs...')
#6 {main}
CRITICAL - 2024-02-28 07:22:32 --> syntax error, unexpected 'public' (T_PUBLIC), expecting end of file
#0 C:\xampp\htdocs\perpus\system\Router\Router.php(175): CodeIgniter\Router\Router->autoRoute('home/aksi_login')
#1 C:\xampp\htdocs\perpus\system\CodeIgniter.php(726): CodeIgniter\Router\Router->handle('home/aksi_login')
#2 C:\xampp\htdocs\perpus\system\CodeIgniter.php(368): CodeIgniter\CodeIgniter->tryToRouteIt(Object(CodeIgniter\Router\RouteCollection))
#3 C:\xampp\htdocs\perpus\system\CodeIgniter.php(326): CodeIgniter\CodeIgniter->handleRequest(NULL, Object(Config\Cache), false)
#4 C:\xampp\htdocs\perpus\public\index.php(37): CodeIgniter\CodeIgniter->run()
#5 C:\xampp\htdocs\perpus\system\Commands\Server\rewrite.php(43): require_once('C:\\xampp\\htdocs...')
#6 {main}
CRITICAL - 2024-02-28 07:26:15 --> syntax error, unexpected 'public' (T_PUBLIC), expecting end of file
#0 C:\xampp\htdocs\perpus\system\Autoloader\Autoloader.php(241): CodeIgniter\Autoloader\Autoloader->includeFile('C:\\xampp\\htdocs...')
#1 C:\xampp\htdocs\perpus\system\Autoloader\Autoloader.php(219): CodeIgniter\Autoloader\Autoloader->loadInNamespace('App\\Controllers...')
#2 [internal function]: CodeIgniter\Autoloader\Autoloader->loadClass('App\\Controllers...')
#3 [internal function]: spl_autoload_call('App\\Controllers...')
#4 C:\xampp\htdocs\perpus\system\CodeIgniter.php(797): class_exists('\\App\\Controller...', true)
#5 C:\xampp\htdocs\perpus\system\CodeIgniter.php(406): CodeIgniter\CodeIgniter->startController()
#6 C:\xampp\htdocs\perpus\system\CodeIgniter.php(326): CodeIgniter\CodeIgniter->handleRequest(NULL, Object(Config\Cache), false)
#7 C:\xampp\htdocs\perpus\public\index.php(37): CodeIgniter\CodeIgniter->run()
#8 C:\xampp\htdocs\perpus\system\Commands\Server\rewrite.php(43): require_once('C:\\xampp\\htdocs...')
#9 {main}
CRITICAL - 2024-02-28 07:50:52 --> syntax error, unexpected 'public' (T_PUBLIC), expecting end of file
#0 C:\xampp\htdocs\perpus\system\Autoloader\Autoloader.php(241): CodeIgniter\Autoloader\Autoloader->includeFile('C:\\xampp\\htdocs...')
#1 C:\xampp\htdocs\perpus\system\Autoloader\Autoloader.php(219): CodeIgniter\Autoloader\Autoloader->loadInNamespace('App\\Controllers...')
#2 [internal function]: CodeIgniter\Autoloader\Autoloader->loadClass('App\\Controllers...')
#3 [internal function]: spl_autoload_call('App\\Controllers...')
#4 C:\xampp\htdocs\perpus\system\CodeIgniter.php(797): class_exists('\\App\\Controller...', true)
#5 C:\xampp\htdocs\perpus\system\CodeIgniter.php(406): CodeIgniter\CodeIgniter->startController()
#6 C:\xampp\htdocs\perpus\system\CodeIgniter.php(326): CodeIgniter\CodeIgniter->handleRequest(NULL, Object(Config\Cache), false)
#7 C:\xampp\htdocs\perpus\public\index.php(37): CodeIgniter\CodeIgniter->run()
#8 C:\xampp\htdocs\perpus\system\Commands\Server\rewrite.php(43): require_once('C:\\xampp\\htdocs...')
#9 {main}
CRITICAL - 2024-02-28 07:50:59 --> syntax error, unexpected 'public' (T_PUBLIC), expecting end of file
#0 C:\xampp\htdocs\perpus\system\Autoloader\Autoloader.php(241): CodeIgniter\Autoloader\Autoloader->includeFile('C:\\xampp\\htdocs...')
#1 C:\xampp\htdocs\perpus\system\Autoloader\Autoloader.php(219): CodeIgniter\Autoloader\Autoloader->loadInNamespace('App\\Controllers...')
#2 [internal function]: CodeIgniter\Autoloader\Autoloader->loadClass('App\\Controllers...')
#3 [internal function]: spl_autoload_call('App\\Controllers...')
#4 C:\xampp\htdocs\perpus\system\CodeIgniter.php(797): class_exists('\\App\\Controller...', true)
#5 C:\xampp\htdocs\perpus\system\CodeIgniter.php(406): CodeIgniter\CodeIgniter->startController()
#6 C:\xampp\htdocs\perpus\system\CodeIgniter.php(326): CodeIgniter\CodeIgniter->handleRequest(NULL, Object(Config\Cache), false)
#7 C:\xampp\htdocs\perpus\public\index.php(37): CodeIgniter\CodeIgniter->run()
#8 C:\xampp\htdocs\perpus\system\Commands\Server\rewrite.php(43): require_once('C:\\xampp\\htdocs...')
#9 {main}
CRITICAL - 2024-02-28 07:51:00 --> syntax error, unexpected 'public' (T_PUBLIC), expecting end of file
#0 C:\xampp\htdocs\perpus\system\Autoloader\Autoloader.php(241): CodeIgniter\Autoloader\Autoloader->includeFile('C:\\xampp\\htdocs...')
#1 C:\xampp\htdocs\perpus\system\Autoloader\Autoloader.php(219): CodeIgniter\Autoloader\Autoloader->loadInNamespace('App\\Controllers...')
#2 [internal function]: CodeIgniter\Autoloader\Autoloader->loadClass('App\\Controllers...')
#3 [internal function]: spl_autoload_call('App\\Controllers...')
#4 C:\xampp\htdocs\perpus\system\CodeIgniter.php(797): class_exists('\\App\\Controller...', true)
#5 C:\xampp\htdocs\perpus\system\CodeIgniter.php(406): CodeIgniter\CodeIgniter->startController()
#6 C:\xampp\htdocs\perpus\system\CodeIgniter.php(326): CodeIgniter\CodeIgniter->handleRequest(NULL, Object(Config\Cache), false)
#7 C:\xampp\htdocs\perpus\public\index.php(37): CodeIgniter\CodeIgniter->run()
#8 C:\xampp\htdocs\perpus\system\Commands\Server\rewrite.php(43): require_once('C:\\xampp\\htdocs...')
#9 {main}
CRITICAL - 2024-02-28 07:54:59 --> syntax error, unexpected 'public' (T_PUBLIC), expecting end of file
#0 C:\xampp\htdocs\perpus\system\Autoloader\Autoloader.php(241): CodeIgniter\Autoloader\Autoloader->includeFile('C:\\xampp\\htdocs...')
#1 C:\xampp\htdocs\perpus\system\Autoloader\Autoloader.php(219): CodeIgniter\Autoloader\Autoloader->loadInNamespace('App\\Controllers...')
#2 [internal function]: CodeIgniter\Autoloader\Autoloader->loadClass('App\\Controllers...')
#3 [internal function]: spl_autoload_call('App\\Controllers...')
#4 C:\xampp\htdocs\perpus\system\CodeIgniter.php(797): class_exists('\\App\\Controller...', true)
#5 C:\xampp\htdocs\perpus\system\CodeIgniter.php(406): CodeIgniter\CodeIgniter->startController()
#6 C:\xampp\htdocs\perpus\system\CodeIgniter.php(326): CodeIgniter\CodeIgniter->handleRequest(NULL, Object(Config\Cache), false)
#7 C:\xampp\htdocs\perpus\public\index.php(37): CodeIgniter\CodeIgniter->run()
#8 C:\xampp\htdocs\perpus\system\Commands\Server\rewrite.php(43): require_once('C:\\xampp\\htdocs...')
#9 {main}
CRITICAL - 2024-02-28 07:55:48 --> Class 'App\Controllers\M_model' not found
#0 C:\xampp\htdocs\perpus\system\CodeIgniter.php(832): App\Controllers\Home->aksi_login()
#1 C:\xampp\htdocs\perpus\system\CodeIgniter.php(419): CodeIgniter\CodeIgniter->runController(Object(App\Controllers\Home))
#2 C:\xampp\htdocs\perpus\system\CodeIgniter.php(326): CodeIgniter\CodeIgniter->handleRequest(NULL, Object(Config\Cache), false)
#3 C:\xampp\htdocs\perpus\public\index.php(37): CodeIgniter\CodeIgniter->run()
#4 C:\xampp\htdocs\perpus\system\Commands\Server\rewrite.php(43): require_once('C:\\xampp\\htdocs...')
#5 {main}
CRITICAL - 2024-02-28 08:03:29 --> Class 'App\Controllers\M_model' not found
#0 C:\xampp\htdocs\perpus\system\CodeIgniter.php(832): App\Controllers\Home->aksi_login()
#1 C:\xampp\htdocs\perpus\system\CodeIgniter.php(419): CodeIgniter\CodeIgniter->runController(Object(App\Controllers\Home))
#2 C:\xampp\htdocs\perpus\system\CodeIgniter.php(326): CodeIgniter\CodeIgniter->handleRequest(NULL, Object(Config\Cache), false)
#3 C:\xampp\htdocs\perpus\public\index.php(37): CodeIgniter\CodeIgniter->run()
#4 C:\xampp\htdocs\perpus\system\Commands\Server\rewrite.php(43): require_once('C:\\xampp\\htdocs...')
#5 {main}
CRITICAL - 2024-02-28 08:03:35 --> Class 'App\Controllers\M_model' not found
#0 C:\xampp\htdocs\perpus\system\CodeIgniter.php(832): App\Controllers\Home->aksi_login()
#1 C:\xampp\htdocs\perpus\system\CodeIgniter.php(419): CodeIgniter\CodeIgniter->runController(Object(App\Controllers\Home))
#2 C:\xampp\htdocs\perpus\system\CodeIgniter.php(326): CodeIgniter\CodeIgniter->handleRequest(NULL, Object(Config\Cache), false)
#3 C:\xampp\htdocs\perpus\public\index.php(37): CodeIgniter\CodeIgniter->run()
#4 C:\xampp\htdocs\perpus\system\Commands\Server\rewrite.php(43): require_once('C:\\xampp\\htdocs...')
#5 {main}
CRITICAL - 2024-02-28 08:03:41 --> Class 'App\Controllers\M_model' not found
#0 C:\xampp\htdocs\perpus\system\CodeIgniter.php(832): App\Controllers\Home->aksi_login()
#1 C:\xampp\htdocs\perpus\system\CodeIgniter.php(419): CodeIgniter\CodeIgniter->runController(Object(App\Controllers\Home))
#2 C:\xampp\htdocs\perpus\system\CodeIgniter.php(326): CodeIgniter\CodeIgniter->handleRequest(NULL, Object(Config\Cache), false)
#3 C:\xampp\htdocs\perpus\public\index.php(37): CodeIgniter\CodeIgniter->run()
#4 C:\xampp\htdocs\perpus\system\Commands\Server\rewrite.php(43): require_once('C:\\xampp\\htdocs...')
#5 {main}
CRITICAL - 2024-02-28 08:04:06 --> Class 'App\Controllers\M_model' not found
#0 C:\xampp\htdocs\perpus\system\CodeIgniter.php(832): App\Controllers\Home->aksi_login()
#1 C:\xampp\htdocs\perpus\system\CodeIgniter.php(419): CodeIgniter\CodeIgniter->runController(Object(App\Controllers\Home))
#2 C:\xampp\htdocs\perpus\system\CodeIgniter.php(326): CodeIgniter\CodeIgniter->handleRequest(NULL, Object(Config\Cache), false)
#3 C:\xampp\htdocs\perpus\public\index.php(37): CodeIgniter\CodeIgniter->run()
#4 C:\xampp\htdocs\perpus\system\Commands\Server\rewrite.php(43): require_once('C:\\xampp\\htdocs...')
#5 {main}
ERROR - 2024-02-28 08:05:21 --> Error connecting to the database: Access denied for user ''@'localhost' (using password: NO)
CRITICAL - 2024-02-28 08:05:21 --> Unable to connect to the database.
Main connection [MySQLi]: Access denied for user ''@'localhost' (using password: NO)
#0 C:\xampp\htdocs\perpus\system\Database\BaseConnection.php(577): CodeIgniter\Database\BaseConnection->initialize()
#1 C:\xampp\htdocs\perpus\system\Database\BaseBuilder.php(1588): CodeIgniter\Database\BaseConnection->query('SELECT *\nFROM `...', Array, false)
#2 C:\xampp\htdocs\perpus\app\Models\M_model.php(481): CodeIgniter\Database\BaseBuilder->getWhere(Array)
#3 C:\xampp\htdocs\perpus\app\Controllers\Home.php(24): App\Models\M_model->getarray('user', Array)
#4 C:\xampp\htdocs\perpus\system\CodeIgniter.php(832): App\Controllers\Home->aksi_login()
#5 C:\xampp\htdocs\perpus\system\CodeIgniter.php(419): CodeIgniter\CodeIgniter->runController(Object(App\Controllers\Home))
#6 C:\xampp\htdocs\perpus\system\CodeIgniter.php(326): CodeIgniter\CodeIgniter->handleRequest(NULL, Object(Config\Cache), false)
#7 C:\xampp\htdocs\perpus\public\index.php(37): CodeIgniter\CodeIgniter->run()
#8 C:\xampp\htdocs\perpus\system\Commands\Server\rewrite.php(43): require_once('C:\\xampp\\htdocs...')
#9 {main}
ERROR - 2024-02-28 08:05:35 --> Error connecting to the database: Access denied for user ''@'localhost' (using password: NO)
CRITICAL - 2024-02-28 08:05:35 --> Unable to connect to the database.
Main connection [MySQLi]: Access denied for user ''@'localhost' (using password: NO)
#0 C:\xampp\htdocs\perpus\system\Database\BaseConnection.php(577): CodeIgniter\Database\BaseConnection->initialize()
#1 C:\xampp\htdocs\perpus\system\Database\BaseBuilder.php(1588): CodeIgniter\Database\BaseConnection->query('SELECT *\nFROM `...', Array, false)
#2 C:\xampp\htdocs\perpus\app\Models\M_model.php(481): CodeIgniter\Database\BaseBuilder->getWhere(Array)
#3 C:\xampp\htdocs\perpus\app\Controllers\Home.php(24): App\Models\M_model->getarray('user', Array)
#4 C:\xampp\htdocs\perpus\system\CodeIgniter.php(832): App\Controllers\Home->aksi_login()
#5 C:\xampp\htdocs\perpus\system\CodeIgniter.php(419): CodeIgniter\CodeIgniter->runController(Object(App\Controllers\Home))
#6 C:\xampp\htdocs\perpus\system\CodeIgniter.php(326): CodeIgniter\CodeIgniter->handleRequest(NULL, Object(Config\Cache), false)
#7 C:\xampp\htdocs\perpus\public\index.php(37): CodeIgniter\CodeIgniter->run()
#8 C:\xampp\htdocs\perpus\system\Commands\Server\rewrite.php(43): require_once('C:\\xampp\\htdocs...')
#9 {main}
